<?xml version="1.0" encoding="UTF-8"?>
<!-- Generated by org.testng.reporters.JUnitXMLReporter -->
<testsuite hostname="LAPTOP-J41V6O34" ignored="0" name="Default test" tests="3" failures="0" timestamp="26 三月 2019 16:27:53 GMT" time="16.669" errors="0">
  <testcase name="loginPageTitleTest" time="0.031" classname="com.crm.qa.testcases.LoginPageTest"/>
  <testcase name="crmLogoImageTest" time="0.054" classname="com.crm.qa.testcases.LoginPageTest"/>
  <testcase name="loginTest" time="1.262" classname="com.crm.qa.testcases.LoginPageTest"/>
</testsuite> <!-- Default test -->
