<?xml version="1.0" encoding="UTF-8"?>
<!-- Generated by org.testng.reporters.JUnitXMLReporter -->
<testsuite hostname="LAPTOP-J41V6O34" ignored="0" name="RetryMultipleFailedTestCases" tests="3" failures="0" timestamp="05 四月 2019 20:01:47 GMT" time="18.334" errors="0">
  <testcase name="loginPageTitleTest" time="0.016" classname="com.crm.qa.testcases.LoginPageTest"/>
  <testcase name="crmLogoImageTest" time="0.052" classname="com.crm.qa.testcases.LoginPageTest"/>
  <testcase name="loginTest" time="1.517" classname="com.crm.qa.testcases.LoginPageTest"/>
</testsuite> <!-- RetryMultipleFailedTestCases -->
