<?xml version="1.0" encoding="UTF-8"?>
<!-- Generated by org.testng.reporters.JUnitXMLReporter -->
<testsuite hostname="LAPTOP-J41V6O34" ignored="0" name="Free CRM Test Cases" tests="3" failures="0" timestamp="22 三月 2019 19:00:06 GMT" time="16.308" errors="0">
  <testcase name="loginPageTitleTest" time="0.029" classname="com.crm.qa.testcases.LoginPageTest"/>
  <testcase name="crmLogoImageTest" time="0.05" classname="com.crm.qa.testcases.LoginPageTest"/>
  <testcase name="loginTest" time="1.246" classname="com.crm.qa.testcases.LoginPageTest"/>
</testsuite> <!-- Free CRM Test Cases -->
