<?xml version="1.0" encoding="UTF-8"?>
<testng-results skipped="0" failed="0" ignored="0" total="1" passed="1">
  <reporter-output>
  </reporter-output>
  <suite name="Default suite" duration-ms="8364" started-at="2019-03-24T02:35:09Z" finished-at="2019-03-24T02:35:17Z">
    <groups>
    </groups>
    <test name="Default test" duration-ms="8364" started-at="2019-03-24T02:35:09Z" finished-at="2019-03-24T02:35:17Z">
      <class name="com.crm.qa.testcases.loginDataProviderTest">
        <test-method status="PASS" signature="setUp()[pri:0, instance:com.crm.qa.testcases.loginDataProviderTest@396e2f39]" name="setUp" is-config="true" duration-ms="6450" started-at="2019-03-24T02:35:09Z" finished-at="2019-03-24T02:35:15Z">
          <reporter-output>
          </reporter-output>
        </test-method> <!-- setUp -->
        <test-method status="PASS" signature="loginDataProviderTest()[pri:0, instance:com.crm.qa.testcases.loginDataProviderTest@396e2f39]" name="loginDataProviderTest" duration-ms="1561" started-at="2019-03-24T02:35:15Z" finished-at="2019-03-24T02:35:17Z">
          <reporter-output>
          </reporter-output>
        </test-method> <!-- loginDataProviderTest -->
        <test-method status="PASS" signature="tearDown()[pri:0, instance:com.crm.qa.testcases.loginDataProviderTest@396e2f39]" name="tearDown" is-config="true" duration-ms="306" started-at="2019-03-24T02:35:17Z" finished-at="2019-03-24T02:35:17Z">
          <reporter-output>
          </reporter-output>
        </test-method> <!-- tearDown -->
      </class> <!-- com.crm.qa.testcases.loginDataProviderTest -->
    </test> <!-- Default test -->
  </suite> <!-- Default suite -->
</testng-results>
